{
  "stats": {
    "suites": 1,
    "tests": 3,
    "passes": 3,
    "pending": 0,
    "failures": 0,
    "start": "2022-03-22T15:28:15.809Z",
    "end": "2022-03-22T15:29:15.501Z",
    "duration": 59692,
    "testsRegistered": 3,
    "passPercent": 100,
    "pendingPercent": 0,
    "other": 0,
    "hasOther": false,
    "skipped": 0,
    "hasSkipped": false
  },
  "results": [
    {
      "uuid": "b7d5c2bb-8e66-4d72-b5fd-0855e9a5ca79",
      "title": "",
      "fullFile": "H:\\SKILL Development\\All Projects\\SQA\\seleniumDemo\\test\\paramTest.js",
      "file": "\\test\\paramTest.js",
      "beforeHooks": [],
      "afterHooks": [],
      "tests": [],
      "suites": [
        {
          "uuid": "d2a9b9c3-a6c6-4195-9af6-1273bd756d59",
          "title": "add another new todo to tests",
          "fullFile": "H:\\SKILL Development\\All Projects\\SQA\\seleniumDemo\\test\\paramTest.js",
          "file": "\\test\\paramTest.js",
          "beforeHooks": [],
          "afterHooks": [],
          "tests": [
            {
              "title": "successfully a todo for browser Chrome, 100.0,Windows 10",
              "fullTitle": "add another new todo to tests successfully a todo for browser Chrome, 100.0,Windows 10",
              "timedOut": null,
              "duration": 16266,
              "state": "passed",
              "speed": "slow",
              "pass": true,
              "fail": false,
              "pending": false,
              "context": null,
              "code": "//changed test name with it block title as well as browser, version ans OS \nltCapabilities.capabilities[\"LT:Options\"].platformName = os;\nltCapabilities.capabilities.browserName = browser;\nltCapabilities.capabilities.browserVersion = bVersion;\n//changed test name with it block title so to understand which test is currently running\nltCapabilities.capabilities[\"LT:Options\"].name = this.test.title;\n//Building drive instace using capabilities \ndriver = new Builder()\n  .usingServer(gridUrl)\n  .withCapabilities(ltCapabilities.capabilities)\n  .build();\nawait driver.get(todoEndPoint);\n//add a todo\nawait driver.findElement(By.id(\"sampletodotext\")).sendKeys(\"Learn Selenium\", Key.RETURN);\n//assert\nlet todoText = await driver.findElement(By.xpath(\"//li[last()]\")).getText().then(function (value) {\n  return value\n});\ntodoText.should.equal(\"Learn Selenium\");\nawait driver.quit();",
              "err": {},
              "uuid": "05eb0f83-337f-4fbc-9b4f-da90fdd005c4",
              "parentUUID": null,
              "isHook": false,
              "skipped": false
            },
            {
              "title": "successfully a todo for browser Firefox, 99.0,Windows 10",
              "fullTitle": "add another new todo to tests successfully a todo for browser Firefox, 99.0,Windows 10",
              "timedOut": null,
              "duration": 18920,
              "state": "passed",
              "speed": "slow",
              "pass": true,
              "fail": false,
              "pending": false,
              "context": null,
              "code": "//changed test name with it block title as well as browser, version ans OS \nltCapabilities.capabilities[\"LT:Options\"].platformName = os;\nltCapabilities.capabilities.browserName = browser;\nltCapabilities.capabilities.browserVersion = bVersion;\n//changed test name with it block title so to understand which test is currently running\nltCapabilities.capabilities[\"LT:Options\"].name = this.test.title;\n//Building drive instace using capabilities \ndriver = new Builder()\n  .usingServer(gridUrl)\n  .withCapabilities(ltCapabilities.capabilities)\n  .build();\nawait driver.get(todoEndPoint);\n//add a todo\nawait driver.findElement(By.id(\"sampletodotext\")).sendKeys(\"Learn Selenium\", Key.RETURN);\n//assert\nlet todoText = await driver.findElement(By.xpath(\"//li[last()]\")).getText().then(function (value) {\n  return value\n});\ntodoText.should.equal(\"Learn Selenium\");\nawait driver.quit();",
              "err": {},
              "uuid": "745daa17-4a04-4e89-8744-96d677b735ff",
              "parentUUID": null,
              "isHook": false,
              "skipped": false
            },
            {
              "title": "successfully a todo for browser Firefox, 97.0,Windows 10",
              "fullTitle": "add another new todo to tests successfully a todo for browser Firefox, 97.0,Windows 10",
              "timedOut": null,
              "duration": 17997,
              "state": "passed",
              "speed": "slow",
              "pass": true,
              "fail": false,
              "pending": false,
              "context": null,
              "code": "//changed test name with it block title as well as browser, version ans OS \nltCapabilities.capabilities[\"LT:Options\"].platformName = os;\nltCapabilities.capabilities.browserName = browser;\nltCapabilities.capabilities.browserVersion = bVersion;\n//changed test name with it block title so to understand which test is currently running\nltCapabilities.capabilities[\"LT:Options\"].name = this.test.title;\n//Building drive instace using capabilities \ndriver = new Builder()\n  .usingServer(gridUrl)\n  .withCapabilities(ltCapabilities.capabilities)\n  .build();\nawait driver.get(todoEndPoint);\n//add a todo\nawait driver.findElement(By.id(\"sampletodotext\")).sendKeys(\"Learn Selenium\", Key.RETURN);\n//assert\nlet todoText = await driver.findElement(By.xpath(\"//li[last()]\")).getText().then(function (value) {\n  return value\n});\ntodoText.should.equal(\"Learn Selenium\");\nawait driver.quit();",
              "err": {},
              "uuid": "3c52561f-74ef-47a8-a77d-b2f57465ee64",
              "parentUUID": null,
              "isHook": false,
              "skipped": false
            }
          ],
          "suites": [],
          "passes": [
            "05eb0f83-337f-4fbc-9b4f-da90fdd005c4",
            "745daa17-4a04-4e89-8744-96d677b735ff",
            "3c52561f-74ef-47a8-a77d-b2f57465ee64"
          ],
          "failures": [],
          "pending": [],
          "skipped": [],
          "duration": 53183,
          "root": false,
          "rootEmpty": false,
          "_timeout": null
        }
      ],
      "passes": [],
      "failures": [],
      "pending": [],
      "skipped": [],
      "duration": 0,
      "root": true,
      "rootEmpty": true,
      "_timeout": 0
    }
  ],
  "meta": {
    "mocha": {
      "version": "9.2.2"
    },
    "mochawesome": {
      "options": {
        "quiet": false,
        "reportFilename": "testResult",
        "saveHtml": true,
        "saveJson": true,
        "consoleReporter": "spec",
        "useInlineDiffs": false,
        "code": true
      },
      "version": "7.1.2"
    },
    "marge": {
      "options": {
        "reportDir": "testReport",
        "reportFilename": "testResult"
      },
      "version": "6.1.1"
    }
  }
}